<?xml version="1.0" encoding="UTF-8"?>
<testng-results skipped="0" failed="0" ignored="0" total="1" passed="1">
  <reporter-output>
  </reporter-output>
  <suite name="Suite" duration-ms="41197" started-at="2019-08-04T18:24:49Z" finished-at="2019-08-04T18:25:31Z">
    <groups>
    </groups>
    <test name="Test" duration-ms="41197" started-at="2019-08-04T18:24:49Z" finished-at="2019-08-04T18:25:31Z">
      <class name="tests.SignInTest">
        <test-method status="PASS" signature="intiDriver()[pri:0, instance:tests.SignInTest@cb5822]" name="intiDriver" is-config="true" duration-ms="7427" started-at="2019-08-04T23:54:42Z" finished-at="2019-08-04T23:54:49Z">
          <reporter-output>
          </reporter-output>
        </test-method> <!-- intiDriver -->
        <test-method status="PASS" signature="loadWebPage()[pri:0, instance:tests.SignInTest@cb5822]" name="loadWebPage" is-config="true" duration-ms="29873" started-at="2019-08-04T23:54:49Z" finished-at="2019-08-04T23:55:19Z">
          <reporter-output>
          </reporter-output>
        </test-method> <!-- loadWebPage -->
        <test-method status="PASS" signature="shouldThrowAnErrorIfSignInDetailsAreMissing()[pri:0, instance:tests.SignInTest@cb5822]" name="shouldThrowAnErrorIfSignInDetailsAreMissing" duration-ms="10635" started-at="2019-08-04T23:55:19Z" finished-at="2019-08-04T23:55:30Z">
          <reporter-output>
          </reporter-output>
        </test-method> <!-- shouldThrowAnErrorIfSignInDetailsAreMissing -->
        <test-method status="PASS" signature="quiteBrowser()[pri:0, instance:tests.SignInTest@cb5822]" name="quiteBrowser" is-config="true" duration-ms="669" started-at="2019-08-04T23:55:30Z" finished-at="2019-08-04T23:55:31Z">
          <reporter-output>
          </reporter-output>
        </test-method> <!-- quiteBrowser -->
      </class> <!-- tests.SignInTest -->
    </test> <!-- Test -->
  </suite> <!-- Suite -->
</testng-results>
